0 info it worked if it ends with ok
1 verbose cli [ '/usr/bin/nodejs', '/usr/bin/npm', 'install', 'ui-select' ]
2 info using npm@1.3.10
3 info using node@v0.10.25
4 verbose readDependencies using package.json deps
5 verbose cache add [ 'ui-select', null ]
6 verbose cache add name=undefined spec="ui-select" args=["ui-select",null]
7 verbose parsed url { protocol: null,
7 verbose parsed url   slashes: null,
7 verbose parsed url   auth: null,
7 verbose parsed url   host: null,
7 verbose parsed url   port: null,
7 verbose parsed url   hostname: null,
7 verbose parsed url   hash: null,
7 verbose parsed url   search: null,
7 verbose parsed url   query: null,
7 verbose parsed url   pathname: 'ui-select',
7 verbose parsed url   path: 'ui-select',
7 verbose parsed url   href: 'ui-select' }
8 silly lockFile 549b0ebb-ui-select ui-select
9 verbose lock ui-select /home/sahil/.npm/549b0ebb-ui-select.lock
10 silly lockFile 549b0ebb-ui-select ui-select
11 silly lockFile 549b0ebb-ui-select ui-select
12 verbose addNamed [ 'ui-select', '' ]
13 verbose addNamed [ null, '*' ]
14 silly lockFile d655c881-ui-select ui-select@
15 verbose lock ui-select@ /home/sahil/.npm/d655c881-ui-select.lock
16 silly addNameRange { name: 'ui-select', range: '*', hasData: false }
17 verbose url raw ui-select
18 verbose url resolving [ 'https://registry.npmjs.org/', './ui-select' ]
19 verbose url resolved https://registry.npmjs.org/ui-select
20 info trying registry request attempt 1 at 06:37:32
21 http GET https://registry.npmjs.org/ui-select
22 info retry will retry, error on last attempt: Error: tunneling socket could not be established, cause=connect ETIMEDOUT
23 info trying registry request attempt 2 at 06:39:50
24 http GET https://registry.npmjs.org/ui-select
25 info retry will retry, error on last attempt: Error: tunneling socket could not be established, cause=connect ETIMEDOUT
26 info trying registry request attempt 3 at 06:42:57
27 http GET https://registry.npmjs.org/ui-select
28 silly lockFile d655c881-ui-select ui-select@
29 silly lockFile d655c881-ui-select ui-select@
30 error network tunneling socket could not be established, cause=connect ETIMEDOUT
30 error network This is most likely not a problem with npm itself
30 error network and is related to network connectivity.
30 error network In most cases you are behind a proxy or have bad network settings.
30 error network
30 error network If you are behind a proxy, please make sure that the
30 error network 'proxy' config is set properly.  See: 'npm help config'
31 error System Linux 3.13.0-32-generic
32 error command "/usr/bin/nodejs" "/usr/bin/npm" "install" "ui-select"
33 error cwd /home/sahil/se2_17/feedback
34 error node -v v0.10.25
35 error npm -v 1.3.10
36 error code ECONNRESET
37 verbose exit [ 1, true ]
